<?xml version="1.0" encoding="UTF-8"?>
<!-- Generated by org.testng.reporters.JUnitReportReporter -->
<testsuite skipped="0" hostname="LAPTOP-CR3O0I38" name="quickacadamy.MavenJava.SeleniumTest" tests="2" failures="0" timestamp="09 Jul 2021 04:51:31 GMT" time="0.018" errors="0">
  <testcase name="ElementsUi" time="0.002" classname="quickacadamy.MavenJava.SeleniumTest"/>
  <testcase name="BrowserAutomation" time="0.016" classname="quickacadamy.MavenJava.SeleniumTest"/>
</testsuite> <!-- quickacadamy.MavenJava.SeleniumTest -->
