<?xml version="1.0" encoding="UTF-8"?>
<!-- Generated by org.testng.reporters.JUnitReportReporter -->
<testsuite skipped="0" hostname="LAPTOP-CR3O0I38" name="quickacadamy.MavenJava.AppiumTest" tests="2" failures="0" timestamp="09 Jul 2021 04:51:31 GMT" time="0.005" errors="0">
  <testcase name="NativeAppAndroid" time="0.003" classname="quickacadamy.MavenJava.AppiumTest"/>
  <testcase name="IOSApps" time="0.002" classname="quickacadamy.MavenJava.AppiumTest"/>
</testsuite> <!-- quickacadamy.MavenJava.AppiumTest -->
