<?xml version="1.0" encoding="UTF-8"?>
<!-- Generated by org.testng.reporters.JUnitReportReporter -->
<testsuite skipped="0" hostname="LAPTOP-CR3O0I38" name="quickacadamy.MavenJava.AppiumTest" tests="2" failures="0" timestamp="26 May 2021 11:43:47 GMT" time="0.005" errors="0">
  <testcase name="NativeAppAndroid" time="0.001" classname="quickacadamy.MavenJava.AppiumTest"/>
  <testcase name="IOSApps" time="0.004" classname="quickacadamy.MavenJava.AppiumTest"/>
</testsuite> <!-- quickacadamy.MavenJava.AppiumTest -->
