<?xml version="1.0" encoding="UTF-8"?>
<!-- Generated by org.testng.reporters.JUnitReportReporter -->
<testsuite skipped="0" hostname="LAPTOP-CR3O0I38" name="quickacadamy.MavenJava.SeleniumTest" tests="2" failures="0" timestamp="26 May 2021 11:43:47 GMT" time="0.001" errors="0">
  <testcase name="ElementsUi" time="0.000" classname="quickacadamy.MavenJava.SeleniumTest"/>
  <testcase name="BrowserAutomation" time="0.001" classname="quickacadamy.MavenJava.SeleniumTest"/>
</testsuite> <!-- quickacadamy.MavenJava.SeleniumTest -->
